Build started 3/19/2015 8:26:48 PM.
     1>Project "C:\School\Peterson Repository Files\C++ Code\Input Employee inclome class\Input Employee inclome class\Input Employee inclome class.vcxproj" on node 2 (build target(s)).
     1>PrepareForBuild:
         Creating directory "C:\School\Peterson Repository Files\C++ Code\Input Employee inclome class\Debug\".
       InitializeBuildStatus:
         Creating "Debug\Input Employee inclome class.unsuccessfulbuild" because "AlwaysCreate" was specified.
       ClCompile:
         C:\Program Files (x86)\Microsoft Visual Studio 10.0\VC\bin\CL.exe /c /ZI /nologo /W3 /WX- /Od /Oy- /D _MBCS /Gm /EHsc /RTC1 /MDd /GS /fp:precise /Zc:wchar_t /Zc:forScope /Fo"Debug\\" /Fd"Debug\vc100.pdb" /Gd /TP /analyze- /errorReport:prompt income.cpp
         income.cpp
       Link:
         C:\Program Files (x86)\Microsoft Visual Studio 10.0\VC\bin\link.exe /ERRORREPORT:PROMPT /OUT:"C:\School\Peterson Repository Files\C++ Code\Input Employee inclome class\Debug\Input Employee inclome class.exe" /NOLOGO kernel32.lib user32.lib gdi32.lib winspool.lib comdlg32.lib advapi32.lib shell32.lib ole32.lib oleaut32.lib uuid.lib odbc32.lib odbccp32.lib /MANIFEST /ManifestFile:"Debug\Input Employee inclome class.exe.intermediate.manifest" /MANIFESTUAC:"level='asInvoker' uiAccess='false'" /DEBUG /PDB:"C:\School\Peterson Repository Files\C++ Code\Input Employee inclome class\Debug\Input Employee inclome class.pdb" /TLBID:1 /DYNAMICBASE /NXCOMPAT /IMPLIB:"C:\School\Peterson Repository Files\C++ Code\Input Employee inclome class\Debug\Input Employee inclome class.lib" /MACHINE:X86 Debug\income.obj
         Input Employee inclome class.vcxproj -> C:\School\Peterson Repository Files\C++ Code\Input Employee inclome class\Debug\Input Employee inclome class.exe
       Manifest:
         C:\Program Files (x86)\Microsoft SDKs\Windows\v7.0A\bin\mt.exe /nologo /verbose /outputresource:"C:\School\Peterson Repository Files\C++ Code\Input Employee inclome class\Debug\Input Employee inclome class.exe;#1" /manifest "Debug\Input Employee inclome class.exe.intermediate.manifest"
       FinalizeBuildStatus:
         Deleting file "Debug\Input Employee inclome class.unsuccessfulbuild".
         Touching "Debug\Input Employee inclome class.lastbuildstate".
     1>Done Building Project "C:\School\Peterson Repository Files\C++ Code\Input Employee inclome class\Input Employee inclome class\Input Employee inclome class.vcxproj" (build target(s)).

Build succeeded.

Time Elapsed 00:00:01.27
