Build started 3/19/2015 7:01:44 PM.
     1>Project "C:\School\Peterson Repository Files\C++ Code\Snake Game\Snake Game\Snake Game.vcxproj" on node 2 (build target(s)).
     1>InitializeBuildStatus:
         Touching "Debug\Snake Game.unsuccessfulbuild".
       ClCompile:
         C:\Program Files (x86)\Microsoft Visual Studio 10.0\VC\bin\CL.exe /c /ZI /nologo /W3 /WX- /Od /Oy- /D _MBCS /Gm /EHsc /RTC1 /MDd /GS /fp:precise /Zc:wchar_t /Zc:forScope /Fo"Debug\\" /Fd"Debug\vc100.pdb" /Gd /TP /analyze- /errorReport:prompt Board.cpp Snake.cpp main.cpp
         main.cpp
         Snake.cpp
         Board.cpp
         Generating Code...
       Link:
         C:\Program Files (x86)\Microsoft Visual Studio 10.0\VC\bin\link.exe /ERRORREPORT:PROMPT /OUT:"C:\School\Peterson Repository Files\C++ Code\Snake Game\Debug\Snake Game.exe" /NOLOGO kernel32.lib user32.lib gdi32.lib winspool.lib comdlg32.lib advapi32.lib shell32.lib ole32.lib oleaut32.lib uuid.lib odbc32.lib odbccp32.lib /MANIFEST /ManifestFile:"Debug\Snake Game.exe.intermediate.manifest" /MANIFESTUAC:"level='asInvoker' uiAccess='false'" /DEBUG /PDB:"C:\School\Peterson Repository Files\C++ Code\Snake Game\Debug\Snake Game.pdb" /TLBID:1 /DYNAMICBASE /NXCOMPAT /IMPLIB:"C:\School\Peterson Repository Files\C++ Code\Snake Game\Debug\Snake Game.lib" /MACHINE:X86 Debug\Board.obj
         Debug\main.obj
         Debug\Snake.obj
         Snake Game.vcxproj -> C:\School\Peterson Repository Files\C++ Code\Snake Game\Debug\Snake Game.exe
       Manifest:
         C:\Program Files (x86)\Microsoft SDKs\Windows\v7.0A\bin\mt.exe /nologo /verbose /outputresource:"C:\School\Peterson Repository Files\C++ Code\Snake Game\Debug\Snake Game.exe;#1" /manifest "Debug\Snake Game.exe.intermediate.manifest"
       FinalizeBuildStatus:
         Deleting file "Debug\Snake Game.unsuccessfulbuild".
         Touching "Debug\Snake Game.lastbuildstate".
     1>Done Building Project "C:\School\Peterson Repository Files\C++ Code\Snake Game\Snake Game\Snake Game.vcxproj" (build target(s)).

Build succeeded.

Time Elapsed 00:00:02.87
